<?xml version="1.0" encoding="UTF-8"?>
<!-- Generated by org.testng.reporters.JUnitReportReporter -->
<testsuite skipped="0" hostname="NEWTCSS004" name="TestNGTestCases.SampleTC" tests="1" failures="0" timestamp="10 Apr 2020 11:08:41 GMT" time="7.880" errors="0">
  <testcase name="TestCase1" time="7.880" classname="TestNGTestCases.SampleTC"/>
</testsuite> <!-- TestNGTestCases.SampleTC -->
